<?xml version="1.0" encoding="UTF-8"?>
<testsuites name="Amazon_testcase_005_testlisteners" time="76.413" tests="1" failures="0" errors="0">
   <testsuite name="Amazon_testcase_005_testlisteners" tests="1" failures="0" errors="0" time="76.413" skipped="0" timestamp="07-02-2024T20:50:03" hostname="harishbogam - localhost" id="Test Suites/Amazon_testcase_005_testlisteners">
      <properties>
         <property name="deviceName" value=""/>
         <property name="devicePlatform" value=""/>
         <property name="logFolder" value="/Users/harishbogam/git/Amazon_projectAA/Reports/20240207_205000/Amazon_testcase_005_testlisteners/20240207_205001"/>
         <property name="logFiles" value="/Users/harishbogam/git/Amazon_projectAA/Reports/20240207_205000/Amazon_testcase_005_testlisteners/20240207_205001/execution0.log"/>
         <property name="attachments" value="/Users/harishbogam/git/Amazon_projectAA/Reports/20240207_205000/Amazon_testcase_005_testlisteners/20240207_205001/1707319250014.png"/>
         <property name="hostName" value="harishbogam - localhost"/>
         <property name="os" value="Mac OS X 64bit"/>
         <property name="katalonVersion" value="9.2.0.212"/>
         <property name="browser" value="Chrome 121.0.0.0"/>
         <property name="hostAddress" value="127.0.0.1"/>
         <property name="sessionId" value="dda0bf6f9c7c3175c20e5284467d8134"/>
         <property name="seleniumVersion" value="3.141.59"/>
         <property name="proxyInformation" value="ProxyInformation { proxyOption=NO_PROXY, proxyServerType=HTTP, username=, password=********, proxyServerAddress=, proxyServerPort=0, executionList=&quot;&quot;, isApplyToDesiredCapabilities=true }"/>
         <property name="platform" value="Mac OS X"/>
      </properties>
      <testcase name="Test Cases/Amazon_testcase_005" time="29.406" classname="Test Cases/Amazon_testcase_005" status="PASSED">
         <system-out><![CDATA[07-02-2024T20:50:50 - [TEST_CASE][PASSED] - Test Cases/Amazon_testcase_005: Test Cases/Amazon_testcase_005

07-02-2024T20:50:50 - [TEST_STEP][PASSED] - Start listener action : sampleBeforeTestCase: Navigate to 'https://www.amazon.in/' successfully

07-02-2024T20:50:50 - [TEST_STEP][PASSED] - openBrowser(""): Browser is opened with url: ''

07-02-2024T20:50:50 - [MESSAGE][INFO] - Starting 'Chrome' driver

07-02-2024T20:50:50 - [MESSAGE][INFO] - Action delay is set to 0 milliseconds

07-02-2024T20:50:50 - [MESSAGE][PASSED] - Browser is opened with url: ''

07-02-2024T20:50:50 - [TEST_STEP][PASSED] - navigateToUrl("https://www.amazon.in/"): Navigate to 'https://www.amazon.in/' successfully

07-02-2024T20:50:51 - [MESSAGE][PASSED] - Navigate to 'https://www.amazon.in/' successfully

07-02-2024T20:50:51 - [TEST_STEP][PASSED] - Start listener action : sampleBeforeTestCase: Navigate to 'https://www.amazon.in/' successfully

07-02-2024T20:50:51 - [TEST_STEP][PASSED] - openBrowser(""): Browser is opened with url: ''

07-02-2024T20:50:51 - [MESSAGE][WARNING] - A browser is already opened. Closing browser and opening a new one

07-02-2024T20:50:51 - [MESSAGE][INFO] - Starting 'Chrome' driver

07-02-2024T20:50:51 - [MESSAGE][INFO] - Action delay is set to 0 milliseconds

07-02-2024T20:50:52 - [MESSAGE][PASSED] - Browser is opened with url: ''

07-02-2024T20:50:52 - [TEST_STEP][PASSED] - navigateToUrl("https://www.amazon.in/"): Navigate to 'https://www.amazon.in/' successfully

07-02-2024T20:50:53 - [MESSAGE][PASSED] - Navigate to 'https://www.amazon.in/' successfully

07-02-2024T20:50:53 - [TEST_STEP][PASSED] - Start listener action : sampleBeforeTestCase: Navigate to 'https://www.amazon.in/' successfully

07-02-2024T20:50:53 - [TEST_STEP][PASSED] - openBrowser(""): Browser is opened with url: ''

07-02-2024T20:50:53 - [MESSAGE][WARNING] - A browser is already opened. Closing browser and opening a new one

07-02-2024T20:50:53 - [MESSAGE][INFO] - Starting 'Chrome' driver

07-02-2024T20:50:53 - [MESSAGE][INFO] - Action delay is set to 0 milliseconds

07-02-2024T20:50:53 - [MESSAGE][PASSED] - Browser is opened with url: ''

07-02-2024T20:50:53 - [TEST_STEP][PASSED] - navigateToUrl("https://www.amazon.in/"): Navigate to 'https://www.amazon.in/' successfully

07-02-2024T20:50:54 - [MESSAGE][PASSED] - Navigate to 'https://www.amazon.in/' successfully

07-02-2024T20:50:54 - [TEST_STEP][PASSED] - Start listener action : sampleBeforeTestCase: Navigate to 'https://www.amazon.in/' successfully

07-02-2024T20:50:54 - [TEST_STEP][PASSED] - openBrowser(""): Browser is opened with url: ''

07-02-2024T20:50:54 - [MESSAGE][WARNING] - A browser is already opened. Closing browser and opening a new one

07-02-2024T20:50:54 - [MESSAGE][INFO] - Starting 'Chrome' driver

07-02-2024T20:50:54 - [MESSAGE][INFO] - Action delay is set to 0 milliseconds

07-02-2024T20:50:55 - [MESSAGE][PASSED] - Browser is opened with url: ''

07-02-2024T20:50:55 - [TEST_STEP][PASSED] - navigateToUrl("https://www.amazon.in/"): Navigate to 'https://www.amazon.in/' successfully

07-02-2024T20:50:56 - [MESSAGE][PASSED] - Navigate to 'https://www.amazon.in/' successfully

07-02-2024T20:50:56 - [TEST_STEP][PASSED] - Start listener action : sampleBeforeTestCase: Navigate to 'https://www.amazon.in/' successfully

07-02-2024T20:50:56 - [TEST_STEP][PASSED] - openBrowser(""): Browser is opened with url: ''

07-02-2024T20:50:56 - [MESSAGE][WARNING] - A browser is already opened. Closing browser and opening a new one

07-02-2024T20:50:56 - [MESSAGE][INFO] - Starting 'Chrome' driver

07-02-2024T20:50:56 - [MESSAGE][INFO] - Action delay is set to 0 milliseconds

07-02-2024T20:50:57 - [MESSAGE][PASSED] - Browser is opened with url: ''

07-02-2024T20:50:57 - [TEST_STEP][PASSED] - navigateToUrl("https://www.amazon.in/"): Navigate to 'https://www.amazon.in/' successfully

07-02-2024T20:50:58 - [MESSAGE][PASSED] - Navigate to 'https://www.amazon.in/' successfully

07-02-2024T20:50:58 - [TEST_STEP][PASSED] - openBrowser(""): Browser is opened with url: ''

07-02-2024T20:50:58 - [MESSAGE][WARNING] - A browser is already opened. Closing browser and opening a new one

07-02-2024T20:50:58 - [MESSAGE][INFO] - Starting 'Chrome' driver

07-02-2024T20:50:58 - [MESSAGE][INFO] - Action delay is set to 0 milliseconds

07-02-2024T20:50:58 - [MESSAGE][PASSED] - Browser is opened with url: ''

07-02-2024T20:50:58 - [TEST_STEP][PASSED] - navigateToUrl("https://www.amazon.in/"): Navigate to 'https://www.amazon.in/' successfully

07-02-2024T20:51:00 - [MESSAGE][PASSED] - Navigate to 'https://www.amazon.in/' successfully

07-02-2024T20:51:00 - [TEST_STEP][PASSED] - click(findTestObject("Object Repository/Amazon_testcase_005_OR/span_Hello, sign in")): Object: 'Object Repository/Amazon_testcase_005_OR/span_Hello, sign in' is clicked on

07-02-2024T20:51:01 - [MESSAGE][PASSED] - Object: 'Object Repository/Amazon_testcase_005_OR/span_Hello, sign in' is clicked on

07-02-2024T20:51:01 - [TEST_STEP][PASSED] - setText(findTestObject("Amazon_testcase_005_button_OR/input_Email or mobile phone number_email"), PhoneNo): Text '9553847074' is set on object 'Object Repository/Amazon_testcase_005_button_OR/input_Email or mobile phone number_email'

07-02-2024T20:51:03 - [MESSAGE][PASSED] - Text '9553847074' is set on object 'Object Repository/Amazon_testcase_005_button_OR/input_Email or mobile phone number_email'

07-02-2024T20:51:03 - [TEST_STEP][PASSED] - click(findTestObject("Object Repository/Amazon_testcase_005_OR/inputcontinue")): Object: 'Object Repository/Amazon_testcase_005_OR/inputcontinue' is clicked on

07-02-2024T20:51:04 - [MESSAGE][PASSED] - Object: 'Object Repository/Amazon_testcase_005_OR/inputcontinue' is clicked on

07-02-2024T20:51:04 - [TEST_STEP][PASSED] - setEncryptedText(findTestObject("Object Repository/Amazon_testcase_005_OR/input_password"), "sWIDqSuYDTb6OdfrXQbw6w=="): Text ****** has been set on object 'Object Repository/Amazon_testcase_005_OR/input_password'

07-02-2024T20:51:05 - [MESSAGE][PASSED] - Text ****** has been set on object 'Object Repository/Amazon_testcase_005_OR/input_password'

07-02-2024T20:51:05 - [TEST_STEP][PASSED] - click(findTestObject("Object Repository/Amazon_testcase_005_OR/inputsignInSubmit")): Object: 'Object Repository/Amazon_testcase_005_OR/inputsignInSubmit' is clicked on

07-02-2024T20:51:05 - [MESSAGE][PASSED] - Object: 'Object Repository/Amazon_testcase_005_OR/inputsignInSubmit' is clicked on

07-02-2024T20:51:05 - [TEST_STEP][PASSED] - selectOptionByValue(findTestObject("Amazon_testcase_005_button_OR/select_All Departments"), "search-alias=stripbooks", true): All options with value 'search-alias=stripbooks' are selected in object 'Object Repository/Amazon_testcase_005_button_OR/select_All Departments'  using regular expression

07-02-2024T20:51:12 - [MESSAGE][PASSED] - All options with value 'search-alias=stripbooks' are selected in object 'Object Repository/Amazon_testcase_005_button_OR/select_All Departments'  using regular expression

07-02-2024T20:51:12 - [TEST_STEP][PASSED] - setText(findTestObject("Object Repository/Amazon_testcase_005_OR/input_field-keywords (1)"), inputSearch): Text 'da vinci code(Abrid
' is set on object 'Object Repository/Amazon_testcase_005_OR/input_field-keywords (1)'

07-02-2024T20:51:16 - [MESSAGE][PASSED] - Text 'da vinci code(Abrid
' is set on object 'Object Repository/Amazon_testcase_005_OR/input_field-keywords (1)'

07-02-2024T20:51:16 - [TEST_STEP][PASSED] - click(findTestObject("Object Repository/Amazon_testcase_005_OR/inputnav-search-submit-button")): Object: 'Object Repository/Amazon_testcase_005_OR/inputnav-search-submit-button' is clicked on

07-02-2024T20:51:18 - [MESSAGE][PASSED] - Object: 'Object Repository/Amazon_testcase_005_OR/inputnav-search-submit-button' is clicked on

07-02-2024T20:51:18 - [TEST_STEP][PASSED] - click(findTestObject("Object Repository/Amazon_testcase_005_OR/span_The Da Vinci Code (Abridged Edition) P_4896eb")): Object: 'Object Repository/Amazon_testcase_005_OR/span_The Da Vinci Code (Abridged Edition) P_4896eb' is clicked on

07-02-2024T20:51:19 - [MESSAGE][PASSED] - Object: 'Object Repository/Amazon_testcase_005_OR/span_The Da Vinci Code (Abridged Edition) P_4896eb' is clicked on

07-02-2024T20:51:19 - [TEST_STEP][PASSED] - verifyCheckpoint(findCheckpoint("Checkpoints/Amazon_testcase_005_CP"), false): Checkpoint data and Source data are matched

07-02-2024T20:51:19 - [MESSAGE][PASSED] - Checkpoint data and Source data are matched

07-02-2024T20:51:19 - [TEST_STEP][PASSED] - closeBrowser(): Browser is closed

07-02-2024T20:51:19 - [MESSAGE][PASSED] - Browser is closed

07-02-2024T20:51:19 - [TEST_STEP][PASSED] - Start listener action : sampleAfterTestCase: Browser is closed

07-02-2024T20:51:19 - [TEST_STEP][PASSED] - closeBrowser(): Browser is closed

07-02-2024T20:51:19 - [MESSAGE][PASSED] - Browser is closed

07-02-2024T20:51:19 - [TEST_STEP][PASSED] - Start listener action : sampleAfterTestCase: Browser is closed

07-02-2024T20:51:19 - [TEST_STEP][PASSED] - closeBrowser(): Browser is closed

07-02-2024T20:51:19 - [MESSAGE][PASSED] - Browser is closed

07-02-2024T20:51:19 - [TEST_STEP][PASSED] - Start listener action : sampleAfterTestCase: Browser is closed

07-02-2024T20:51:19 - [TEST_STEP][PASSED] - closeBrowser(): Browser is closed

07-02-2024T20:51:19 - [MESSAGE][PASSED] - Browser is closed

07-02-2024T20:51:19 - [TEST_STEP][PASSED] - Start listener action : sampleAfterTestCase: Browser is closed

07-02-2024T20:51:19 - [TEST_STEP][PASSED] - closeBrowser(): Browser is closed

07-02-2024T20:51:19 - [MESSAGE][PASSED] - Browser is closed

07-02-2024T20:51:19 - [TEST_STEP][PASSED] - Start listener action : sampleAfterTestCase: Browser is closed

07-02-2024T20:51:19 - [TEST_STEP][PASSED] - closeBrowser(): Browser is closed

07-02-2024T20:51:19 - [MESSAGE][PASSED] - Browser is closed]]></system-out>
         <system-err><![CDATA[]]></system-err>
      </testcase>
      <system-out><![CDATA[07-02-2024T20:50:03 - [TEST_SUITE][FAILED] - Amazon_testcase_005_testlisteners: Test Cases/Amazon_testcase_005 FAILED.
Reason:
com.kms.katalon.core.exception.StepFailedException: Unable to click on object 'Object Repository/Amazon_testcase_005_OR/span_Hello, sign in'
	at com.kms.katalon.core.webui.keyword.internal.WebUIKeywordMain.stepFailed(WebUIKeywordMain.groovy:64)
	at com.kms.katalon.core.webui.keyword.internal.WebUIKeywordMain.runKeyword(WebUIKeywordMain.groovy:26)
	at com.kms.katalon.core.webui.keyword.builtin.ClickKeyword.click(ClickKeyword.groovy:74)
	at com.kms.katalon.core.webui.keyword.builtin.ClickKeyword.execute(ClickKeyword.groovy:40)
	at com.kms.katalon.core.keyword.internal.KeywordExecutor.executeKeywordForPlatform(KeywordExecutor.groovy:74)
	at com.kms.katalon.core.webui.keyword.WebUiBuiltInKeywords.click(WebUiBuiltInKeywords.groovy:659)
	at Amazon_testcase_005.run(Amazon_testcase_005:24)
	at com.kms.katalon.core.main.ScriptEngine.run(ScriptEngine.java:194)
	at com.kms.katalon.core.main.ScriptEngine.runScriptAsRawText(ScriptEngine.java:119)
	at com.kms.katalon.core.main.TestCaseExecutor.runScript(TestCaseExecutor.java:448)
	at com.kms.katalon.core.main.TestCaseExecutor.doExecute(TestCaseExecutor.java:439)
	at com.kms.katalon.core.main.TestCaseExecutor.processExecutionPhase(TestCaseExecutor.java:418)
	at com.kms.katalon.core.main.TestCaseExecutor.accessMainPhase(TestCaseExecutor.java:410)
	at com.kms.katalon.core.main.TestCaseExecutor.execute(TestCaseExecutor.java:285)
	at com.kms.katalon.core.common.CommonExecutor.accessTestCaseMainPhase(CommonExecutor.java:65)
	at com.kms.katalon.core.main.TestSuiteExecutor.accessTestSuiteMainPhase(TestSuiteExecutor.java:148)
	at com.kms.katalon.core.main.TestSuiteExecutor.execute(TestSuiteExecutor.java:106)
	at com.kms.katalon.core.main.TestCaseMain.startTestSuite(TestCaseMain.java:180)
	at TempTestSuite1707319201943.run(TempTestSuite1707319201943.groovy:36)
	at java.base/jdk.internal.reflect.NativeMethodAccessorImpl.invoke0(Native Method)
	at java.base/jdk.internal.reflect.NativeMethodAccessorImpl.invoke(NativeMethodAccessorImpl.java:77)
	at java.base/jdk.internal.reflect.DelegatingMethodAccessorImpl.invoke(DelegatingMethodAccessorImpl.java:43)
Caused by: com.kms.katalon.core.webui.exception.WebElementNotFoundException: Web element with id: 'Object Repository/Amazon_testcase_005_OR/span_Hello, sign in' located by '//span[@id='nav-link-accountList-nav-line-1']' not found
	at com.kms.katalon.core.webui.common.WebUiCommonHelper.findWebElement(WebUiCommonHelper.java:1379)
	at com.kms.katalon.core.webui.keyword.internal.WebUIAbstractKeyword.findWebElement(WebUIAbstractKeyword.groovy:27)
	at com.kms.katalon.core.webui.keyword.builtin.ClickKeyword$_click_closure1.doCall(ClickKeyword.groovy:65)
	at com.kms.katalon.core.webui.keyword.builtin.ClickKeyword$_click_closure1.call(ClickKeyword.groovy)
	at com.kms.katalon.core.webui.keyword.internal.WebUIKeywordMain.runKeyword(WebUIKeywordMain.groovy:20)
	... 20 more]]></system-out>
      <system-err><![CDATA[07-02-2024T20:50:03 - [TEST_SUITE][FAILED] - Amazon_testcase_005_testlisteners: Test Cases/Amazon_testcase_005 FAILED.
Reason:
com.kms.katalon.core.exception.StepFailedException: Unable to click on object 'Object Repository/Amazon_testcase_005_OR/span_Hello, sign in'
	at com.kms.katalon.core.webui.keyword.internal.WebUIKeywordMain.stepFailed(WebUIKeywordMain.groovy:64)
	at com.kms.katalon.core.webui.keyword.internal.WebUIKeywordMain.runKeyword(WebUIKeywordMain.groovy:26)
	at com.kms.katalon.core.webui.keyword.builtin.ClickKeyword.click(ClickKeyword.groovy:74)
	at com.kms.katalon.core.webui.keyword.builtin.ClickKeyword.execute(ClickKeyword.groovy:40)
	at com.kms.katalon.core.keyword.internal.KeywordExecutor.executeKeywordForPlatform(KeywordExecutor.groovy:74)
	at com.kms.katalon.core.webui.keyword.WebUiBuiltInKeywords.click(WebUiBuiltInKeywords.groovy:659)
	at Amazon_testcase_005.run(Amazon_testcase_005:24)
	at com.kms.katalon.core.main.ScriptEngine.run(ScriptEngine.java:194)
	at com.kms.katalon.core.main.ScriptEngine.runScriptAsRawText(ScriptEngine.java:119)
	at com.kms.katalon.core.main.TestCaseExecutor.runScript(TestCaseExecutor.java:448)
	at com.kms.katalon.core.main.TestCaseExecutor.doExecute(TestCaseExecutor.java:439)
	at com.kms.katalon.core.main.TestCaseExecutor.processExecutionPhase(TestCaseExecutor.java:418)
	at com.kms.katalon.core.main.TestCaseExecutor.accessMainPhase(TestCaseExecutor.java:410)
	at com.kms.katalon.core.main.TestCaseExecutor.execute(TestCaseExecutor.java:285)
	at com.kms.katalon.core.common.CommonExecutor.accessTestCaseMainPhase(CommonExecutor.java:65)
	at com.kms.katalon.core.main.TestSuiteExecutor.accessTestSuiteMainPhase(TestSuiteExecutor.java:148)
	at com.kms.katalon.core.main.TestSuiteExecutor.execute(TestSuiteExecutor.java:106)
	at com.kms.katalon.core.main.TestCaseMain.startTestSuite(TestCaseMain.java:180)
	at TempTestSuite1707319201943.run(TempTestSuite1707319201943.groovy:36)
	at java.base/jdk.internal.reflect.NativeMethodAccessorImpl.invoke0(Native Method)
	at java.base/jdk.internal.reflect.NativeMethodAccessorImpl.invoke(NativeMethodAccessorImpl.java:77)
	at java.base/jdk.internal.reflect.DelegatingMethodAccessorImpl.invoke(DelegatingMethodAccessorImpl.java:43)
Caused by: com.kms.katalon.core.webui.exception.WebElementNotFoundException: Web element with id: 'Object Repository/Amazon_testcase_005_OR/span_Hello, sign in' located by '//span[@id='nav-link-accountList-nav-line-1']' not found
	at com.kms.katalon.core.webui.common.WebUiCommonHelper.findWebElement(WebUiCommonHelper.java:1379)
	at com.kms.katalon.core.webui.keyword.internal.WebUIAbstractKeyword.findWebElement(WebUIAbstractKeyword.groovy:27)
	at com.kms.katalon.core.webui.keyword.builtin.ClickKeyword$_click_closure1.doCall(ClickKeyword.groovy:65)
	at com.kms.katalon.core.webui.keyword.builtin.ClickKeyword$_click_closure1.call(ClickKeyword.groovy)
	at com.kms.katalon.core.webui.keyword.internal.WebUIKeywordMain.runKeyword(WebUIKeywordMain.groovy:20)
	... 20 more]]></system-err>
   </testsuite>
</testsuites>
